<?xml version='1.0' encoding='utf-8'?>
<testsuite name="DataAggregatorE2ETest" tests="8" failures="0">
  <testcase name="direct-invoke-tests/e2e-test-fee3dd1e/source_file_0001.bin" classname="E2EFileValidation" />
  <testcase name="direct-invoke-tests/e2e-test-fee3dd1e/source_file_0002.bin" classname="E2EFileValidation" />
  <testcase name="direct-invoke-tests/e2e-test-fee3dd1e/source_file_0003.bin" classname="E2EFileValidation" />
  <testcase name="direct-invoke-tests/e2e-test-fee3dd1e/source_file_0004.bin" classname="E2EFileValidation" />
  <testcase name="direct-invoke-tests/e2e-test-fee3dd1e/source_file_0005.bin" classname="E2EFileValidation" />
  <testcase name="direct-invoke-tests/e2e-test-fee3dd1e/source_file_0006.bin" classname="E2EFileValidation" />
  <testcase name="direct-invoke-tests/e2e-test-fee3dd1e/source_file_0007.bin" classname="E2EFileValidation" />
  <testcase name="direct-invoke-tests/e2e-test-fee3dd1e/source_file_0008.bin" classname="E2EFileValidation" />
</testsuite>