<?xml version='1.0' encoding='utf-8'?>
<testsuite name="DataAggregatorE2ETest" tests="50" failures="0">
  <testcase name="data/e2e-test-1d80af97/source_file_0001.bin" classname="E2EFileValidation" />
  <testcase name="data/e2e-test-1d80af97/source_file_0002.bin" classname="E2EFileValidation" />
  <testcase name="data/e2e-test-1d80af97/source_file_0003.bin" classname="E2EFileValidation" />
  <testcase name="data/e2e-test-1d80af97/source_file_0004.bin" classname="E2EFileValidation" />
  <testcase name="data/e2e-test-1d80af97/source_file_0005.bin" classname="E2EFileValidation" />
  <testcase name="data/e2e-test-1d80af97/source_file_0006.bin" classname="E2EFileValidation" />
  <testcase name="data/e2e-test-1d80af97/source_file_0007.bin" classname="E2EFileValidation" />
  <testcase name="data/e2e-test-1d80af97/source_file_0008.bin" classname="E2EFileValidation" />
  <testcase name="data/e2e-test-1d80af97/source_file_0009.bin" classname="E2EFileValidation" />
  <testcase name="data/e2e-test-1d80af97/source_file_0010.bin" classname="E2EFileValidation" />
  <testcase name="data/e2e-test-1d80af97/source_file_0011.bin" classname="E2EFileValidation" />
  <testcase name="data/e2e-test-1d80af97/source_file_0012.bin" classname="E2EFileValidation" />
  <testcase name="data/e2e-test-1d80af97/source_file_0013.bin" classname="E2EFileValidation" />
  <testcase name="data/e2e-test-1d80af97/source_file_0014.bin" classname="E2EFileValidation" />
  <testcase name="data/e2e-test-1d80af97/source_file_0015.bin" classname="E2EFileValidation" />
  <testcase name="data/e2e-test-1d80af97/source_file_0016.bin" classname="E2EFileValidation" />
  <testcase name="data/e2e-test-1d80af97/source_file_0017.bin" classname="E2EFileValidation" />
  <testcase name="data/e2e-test-1d80af97/source_file_0018.bin" classname="E2EFileValidation" />
  <testcase name="data/e2e-test-1d80af97/source_file_0019.bin" classname="E2EFileValidation" />
  <testcase name="data/e2e-test-1d80af97/source_file_0020.bin" classname="E2EFileValidation" />
  <testcase name="data/e2e-test-1d80af97/source_file_0021.bin" classname="E2EFileValidation" />
  <testcase name="data/e2e-test-1d80af97/source_file_0022.bin" classname="E2EFileValidation" />
  <testcase name="data/e2e-test-1d80af97/source_file_0023.bin" classname="E2EFileValidation" />
  <testcase name="data/e2e-test-1d80af97/source_file_0024.bin" classname="E2EFileValidation" />
  <testcase name="data/e2e-test-1d80af97/source_file_0025.bin" classname="E2EFileValidation" />
  <testcase name="data/e2e-test-1d80af97/source_file_0026.bin" classname="E2EFileValidation" />
  <testcase name="data/e2e-test-1d80af97/source_file_0027.bin" classname="E2EFileValidation" />
  <testcase name="data/e2e-test-1d80af97/source_file_0028.bin" classname="E2EFileValidation" />
  <testcase name="data/e2e-test-1d80af97/source_file_0029.bin" classname="E2EFileValidation" />
  <testcase name="data/e2e-test-1d80af97/source_file_0030.bin" classname="E2EFileValidation" />
  <testcase name="data/e2e-test-1d80af97/source_file_0031.bin" classname="E2EFileValidation" />
  <testcase name="data/e2e-test-1d80af97/source_file_0032.bin" classname="E2EFileValidation" />
  <testcase name="data/e2e-test-1d80af97/source_file_0033.bin" classname="E2EFileValidation" />
  <testcase name="data/e2e-test-1d80af97/source_file_0034.bin" classname="E2EFileValidation" />
  <testcase name="data/e2e-test-1d80af97/source_file_0035.bin" classname="E2EFileValidation" />
  <testcase name="data/e2e-test-1d80af97/source_file_0036.bin" classname="E2EFileValidation" />
  <testcase name="data/e2e-test-1d80af97/source_file_0037.bin" classname="E2EFileValidation" />
  <testcase name="data/e2e-test-1d80af97/source_file_0038.bin" classname="E2EFileValidation" />
  <testcase name="data/e2e-test-1d80af97/source_file_0039.bin" classname="E2EFileValidation" />
  <testcase name="data/e2e-test-1d80af97/source_file_0040.bin" classname="E2EFileValidation" />
  <testcase name="data/e2e-test-1d80af97/source_file_0041.bin" classname="E2EFileValidation" />
  <testcase name="data/e2e-test-1d80af97/source_file_0042.bin" classname="E2EFileValidation" />
  <testcase name="data/e2e-test-1d80af97/source_file_0043.bin" classname="E2EFileValidation" />
  <testcase name="data/e2e-test-1d80af97/source_file_0044.bin" classname="E2EFileValidation" />
  <testcase name="data/e2e-test-1d80af97/source_file_0045.bin" classname="E2EFileValidation" />
  <testcase name="data/e2e-test-1d80af97/source_file_0046.bin" classname="E2EFileValidation" />
  <testcase name="data/e2e-test-1d80af97/source_file_0047.bin" classname="E2EFileValidation" />
  <testcase name="data/e2e-test-1d80af97/source_file_0048.bin" classname="E2EFileValidation" />
  <testcase name="data/e2e-test-1d80af97/source_file_0049.bin" classname="E2EFileValidation" />
  <testcase name="data/e2e-test-1d80af97/source_file_0050.bin" classname="E2EFileValidation" />
</testsuite>