<?xml version='1.0' encoding='utf-8'?>
<testsuite name="DataAggregatorE2ETest" tests="400" failures="0">
  <testcase name="data/e2e-test-f9a9b084/source_file_0001.bin" classname="E2EFileValidation" />
  <testcase name="data/e2e-test-f9a9b084/source_file_0002.bin" classname="E2EFileValidation" />
  <testcase name="data/e2e-test-f9a9b084/source_file_0003.bin" classname="E2EFileValidation" />
  <testcase name="data/e2e-test-f9a9b084/source_file_0004.bin" classname="E2EFileValidation" />
  <testcase name="data/e2e-test-f9a9b084/source_file_0005.bin" classname="E2EFileValidation" />
  <testcase name="data/e2e-test-f9a9b084/source_file_0006.bin" classname="E2EFileValidation" />
  <testcase name="data/e2e-test-f9a9b084/source_file_0007.bin" classname="E2EFileValidation" />
  <testcase name="data/e2e-test-f9a9b084/source_file_0008.bin" classname="E2EFileValidation" />
  <testcase name="data/e2e-test-f9a9b084/source_file_0009.bin" classname="E2EFileValidation" />
  <testcase name="data/e2e-test-f9a9b084/source_file_0010.bin" classname="E2EFileValidation" />
  <testcase name="data/e2e-test-f9a9b084/source_file_0011.bin" classname="E2EFileValidation" />
  <testcase name="data/e2e-test-f9a9b084/source_file_0012.bin" classname="E2EFileValidation" />
  <testcase name="data/e2e-test-f9a9b084/source_file_0013.bin" classname="E2EFileValidation" />
  <testcase name="data/e2e-test-f9a9b084/source_file_0014.bin" classname="E2EFileValidation" />
  <testcase name="data/e2e-test-f9a9b084/source_file_0015.bin" classname="E2EFileValidation" />
  <testcase name="data/e2e-test-f9a9b084/source_file_0016.bin" classname="E2EFileValidation" />
  <testcase name="data/e2e-test-f9a9b084/source_file_0017.bin" classname="E2EFileValidation" />
  <testcase name="data/e2e-test-f9a9b084/source_file_0018.bin" classname="E2EFileValidation" />
  <testcase name="data/e2e-test-f9a9b084/source_file_0019.bin" classname="E2EFileValidation" />
  <testcase name="data/e2e-test-f9a9b084/source_file_0020.bin" classname="E2EFileValidation" />
  <testcase name="data/e2e-test-f9a9b084/source_file_0021.bin" classname="E2EFileValidation" />
  <testcase name="data/e2e-test-f9a9b084/source_file_0022.bin" classname="E2EFileValidation" />
  <testcase name="data/e2e-test-f9a9b084/source_file_0023.bin" classname="E2EFileValidation" />
  <testcase name="data/e2e-test-f9a9b084/source_file_0024.bin" classname="E2EFileValidation" />
  <testcase name="data/e2e-test-f9a9b084/source_file_0025.bin" classname="E2EFileValidation" />
  <testcase name="data/e2e-test-f9a9b084/source_file_0026.bin" classname="E2EFileValidation" />
  <testcase name="data/e2e-test-f9a9b084/source_file_0027.bin" classname="E2EFileValidation" />
  <testcase name="data/e2e-test-f9a9b084/source_file_0028.bin" classname="E2EFileValidation" />
  <testcase name="data/e2e-test-f9a9b084/source_file_0029.bin" classname="E2EFileValidation" />
  <testcase name="data/e2e-test-f9a9b084/source_file_0030.bin" classname="E2EFileValidation" />
  <testcase name="data/e2e-test-f9a9b084/source_file_0031.bin" classname="E2EFileValidation" />
  <testcase name="data/e2e-test-f9a9b084/source_file_0032.bin" classname="E2EFileValidation" />
  <testcase name="data/e2e-test-f9a9b084/source_file_0033.bin" classname="E2EFileValidation" />
  <testcase name="data/e2e-test-f9a9b084/source_file_0034.bin" classname="E2EFileValidation" />
  <testcase name="data/e2e-test-f9a9b084/source_file_0035.bin" classname="E2EFileValidation" />
  <testcase name="data/e2e-test-f9a9b084/source_file_0036.bin" classname="E2EFileValidation" />
  <testcase name="data/e2e-test-f9a9b084/source_file_0037.bin" classname="E2EFileValidation" />
  <testcase name="data/e2e-test-f9a9b084/source_file_0038.bin" classname="E2EFileValidation" />
  <testcase name="data/e2e-test-f9a9b084/source_file_0039.bin" classname="E2EFileValidation" />
  <testcase name="data/e2e-test-f9a9b084/source_file_0040.bin" classname="E2EFileValidation" />
  <testcase name="data/e2e-test-f9a9b084/source_file_0041.bin" classname="E2EFileValidation" />
  <testcase name="data/e2e-test-f9a9b084/source_file_0042.bin" classname="E2EFileValidation" />
  <testcase name="data/e2e-test-f9a9b084/source_file_0043.bin" classname="E2EFileValidation" />
  <testcase name="data/e2e-test-f9a9b084/source_file_0044.bin" classname="E2EFileValidation" />
  <testcase name="data/e2e-test-f9a9b084/source_file_0045.bin" classname="E2EFileValidation" />
  <testcase name="data/e2e-test-f9a9b084/source_file_0046.bin" classname="E2EFileValidation" />
  <testcase name="data/e2e-test-f9a9b084/source_file_0047.bin" classname="E2EFileValidation" />
  <testcase name="data/e2e-test-f9a9b084/source_file_0048.bin" classname="E2EFileValidation" />
  <testcase name="data/e2e-test-f9a9b084/source_file_0049.bin" classname="E2EFileValidation" />
  <testcase name="data/e2e-test-f9a9b084/source_file_0050.bin" classname="E2EFileValidation" />
  <testcase name="data/e2e-test-f9a9b084/source_file_0051.bin" classname="E2EFileValidation" />
  <testcase name="data/e2e-test-f9a9b084/source_file_0052.bin" classname="E2EFileValidation" />
  <testcase name="data/e2e-test-f9a9b084/source_file_0053.bin" classname="E2EFileValidation" />
  <testcase name="data/e2e-test-f9a9b084/source_file_0054.bin" classname="E2EFileValidation" />
  <testcase name="data/e2e-test-f9a9b084/source_file_0055.bin" classname="E2EFileValidation" />
  <testcase name="data/e2e-test-f9a9b084/source_file_0056.bin" classname="E2EFileValidation" />
  <testcase name="data/e2e-test-f9a9b084/source_file_0057.bin" classname="E2EFileValidation" />
  <testcase name="data/e2e-test-f9a9b084/source_file_0058.bin" classname="E2EFileValidation" />
  <testcase name="data/e2e-test-f9a9b084/source_file_0059.bin" classname="E2EFileValidation" />
  <testcase name="data/e2e-test-f9a9b084/source_file_0060.bin" classname="E2EFileValidation" />
  <testcase name="data/e2e-test-f9a9b084/source_file_0061.bin" classname="E2EFileValidation" />
  <testcase name="data/e2e-test-f9a9b084/source_file_0062.bin" classname="E2EFileValidation" />
  <testcase name="data/e2e-test-f9a9b084/source_file_0063.bin" classname="E2EFileValidation" />
  <testcase name="data/e2e-test-f9a9b084/source_file_0064.bin" classname="E2EFileValidation" />
  <testcase name="data/e2e-test-f9a9b084/source_file_0065.bin" classname="E2EFileValidation" />
  <testcase name="data/e2e-test-f9a9b084/source_file_0066.bin" classname="E2EFileValidation" />
  <testcase name="data/e2e-test-f9a9b084/source_file_0067.bin" classname="E2EFileValidation" />
  <testcase name="data/e2e-test-f9a9b084/source_file_0068.bin" classname="E2EFileValidation" />
  <testcase name="data/e2e-test-f9a9b084/source_file_0069.bin" classname="E2EFileValidation" />
  <testcase name="data/e2e-test-f9a9b084/source_file_0070.bin" classname="E2EFileValidation" />
  <testcase name="data/e2e-test-f9a9b084/source_file_0071.bin" classname="E2EFileValidation" />
  <testcase name="data/e2e-test-f9a9b084/source_file_0072.bin" classname="E2EFileValidation" />
  <testcase name="data/e2e-test-f9a9b084/source_file_0073.bin" classname="E2EFileValidation" />
  <testcase name="data/e2e-test-f9a9b084/source_file_0074.bin" classname="E2EFileValidation" />
  <testcase name="data/e2e-test-f9a9b084/source_file_0075.bin" classname="E2EFileValidation" />
  <testcase name="data/e2e-test-f9a9b084/source_file_0076.bin" classname="E2EFileValidation" />
  <testcase name="data/e2e-test-f9a9b084/source_file_0077.bin" classname="E2EFileValidation" />
  <testcase name="data/e2e-test-f9a9b084/source_file_0078.bin" classname="E2EFileValidation" />
  <testcase name="data/e2e-test-f9a9b084/source_file_0079.bin" classname="E2EFileValidation" />
  <testcase name="data/e2e-test-f9a9b084/source_file_0080.bin" classname="E2EFileValidation" />
  <testcase name="data/e2e-test-f9a9b084/source_file_0081.bin" classname="E2EFileValidation" />
  <testcase name="data/e2e-test-f9a9b084/source_file_0082.bin" classname="E2EFileValidation" />
  <testcase name="data/e2e-test-f9a9b084/source_file_0083.bin" classname="E2EFileValidation" />
  <testcase name="data/e2e-test-f9a9b084/source_file_0084.bin" classname="E2EFileValidation" />
  <testcase name="data/e2e-test-f9a9b084/source_file_0085.bin" classname="E2EFileValidation" />
  <testcase name="data/e2e-test-f9a9b084/source_file_0086.bin" classname="E2EFileValidation" />
  <testcase name="data/e2e-test-f9a9b084/source_file_0087.bin" classname="E2EFileValidation" />
  <testcase name="data/e2e-test-f9a9b084/source_file_0088.bin" classname="E2EFileValidation" />
  <testcase name="data/e2e-test-f9a9b084/source_file_0089.bin" classname="E2EFileValidation" />
  <testcase name="data/e2e-test-f9a9b084/source_file_0090.bin" classname="E2EFileValidation" />
  <testcase name="data/e2e-test-f9a9b084/source_file_0091.bin" classname="E2EFileValidation" />
  <testcase name="data/e2e-test-f9a9b084/source_file_0092.bin" classname="E2EFileValidation" />
  <testcase name="data/e2e-test-f9a9b084/source_file_0093.bin" classname="E2EFileValidation" />
  <testcase name="data/e2e-test-f9a9b084/source_file_0094.bin" classname="E2EFileValidation" />
  <testcase name="data/e2e-test-f9a9b084/source_file_0095.bin" classname="E2EFileValidation" />
  <testcase name="data/e2e-test-f9a9b084/source_file_0096.bin" classname="E2EFileValidation" />
  <testcase name="data/e2e-test-f9a9b084/source_file_0097.bin" classname="E2EFileValidation" />
  <testcase name="data/e2e-test-f9a9b084/source_file_0098.bin" classname="E2EFileValidation" />
  <testcase name="data/e2e-test-f9a9b084/source_file_0099.bin" classname="E2EFileValidation" />
  <testcase name="data/e2e-test-f9a9b084/source_file_0100.bin" classname="E2EFileValidation" />
  <testcase name="data/e2e-test-f9a9b084/source_file_0101.bin" classname="E2EFileValidation" />
  <testcase name="data/e2e-test-f9a9b084/source_file_0102.bin" classname="E2EFileValidation" />
  <testcase name="data/e2e-test-f9a9b084/source_file_0103.bin" classname="E2EFileValidation" />
  <testcase name="data/e2e-test-f9a9b084/source_file_0104.bin" classname="E2EFileValidation" />
  <testcase name="data/e2e-test-f9a9b084/source_file_0105.bin" classname="E2EFileValidation" />
  <testcase name="data/e2e-test-f9a9b084/source_file_0106.bin" classname="E2EFileValidation" />
  <testcase name="data/e2e-test-f9a9b084/source_file_0107.bin" classname="E2EFileValidation" />
  <testcase name="data/e2e-test-f9a9b084/source_file_0108.bin" classname="E2EFileValidation" />
  <testcase name="data/e2e-test-f9a9b084/source_file_0109.bin" classname="E2EFileValidation" />
  <testcase name="data/e2e-test-f9a9b084/source_file_0110.bin" classname="E2EFileValidation" />
  <testcase name="data/e2e-test-f9a9b084/source_file_0111.bin" classname="E2EFileValidation" />
  <testcase name="data/e2e-test-f9a9b084/source_file_0112.bin" classname="E2EFileValidation" />
  <testcase name="data/e2e-test-f9a9b084/source_file_0113.bin" classname="E2EFileValidation" />
  <testcase name="data/e2e-test-f9a9b084/source_file_0114.bin" classname="E2EFileValidation" />
  <testcase name="data/e2e-test-f9a9b084/source_file_0115.bin" classname="E2EFileValidation" />
  <testcase name="data/e2e-test-f9a9b084/source_file_0116.bin" classname="E2EFileValidation" />
  <testcase name="data/e2e-test-f9a9b084/source_file_0117.bin" classname="E2EFileValidation" />
  <testcase name="data/e2e-test-f9a9b084/source_file_0118.bin" classname="E2EFileValidation" />
  <testcase name="data/e2e-test-f9a9b084/source_file_0119.bin" classname="E2EFileValidation" />
  <testcase name="data/e2e-test-f9a9b084/source_file_0120.bin" classname="E2EFileValidation" />
  <testcase name="data/e2e-test-f9a9b084/source_file_0121.bin" classname="E2EFileValidation" />
  <testcase name="data/e2e-test-f9a9b084/source_file_0122.bin" classname="E2EFileValidation" />
  <testcase name="data/e2e-test-f9a9b084/source_file_0123.bin" classname="E2EFileValidation" />
  <testcase name="data/e2e-test-f9a9b084/source_file_0124.bin" classname="E2EFileValidation" />
  <testcase name="data/e2e-test-f9a9b084/source_file_0125.bin" classname="E2EFileValidation" />
  <testcase name="data/e2e-test-f9a9b084/source_file_0126.bin" classname="E2EFileValidation" />
  <testcase name="data/e2e-test-f9a9b084/source_file_0127.bin" classname="E2EFileValidation" />
  <testcase name="data/e2e-test-f9a9b084/source_file_0128.bin" classname="E2EFileValidation" />
  <testcase name="data/e2e-test-f9a9b084/source_file_0129.bin" classname="E2EFileValidation" />
  <testcase name="data/e2e-test-f9a9b084/source_file_0130.bin" classname="E2EFileValidation" />
  <testcase name="data/e2e-test-f9a9b084/source_file_0131.bin" classname="E2EFileValidation" />
  <testcase name="data/e2e-test-f9a9b084/source_file_0132.bin" classname="E2EFileValidation" />
  <testcase name="data/e2e-test-f9a9b084/source_file_0133.bin" classname="E2EFileValidation" />
  <testcase name="data/e2e-test-f9a9b084/source_file_0134.bin" classname="E2EFileValidation" />
  <testcase name="data/e2e-test-f9a9b084/source_file_0135.bin" classname="E2EFileValidation" />
  <testcase name="data/e2e-test-f9a9b084/source_file_0136.bin" classname="E2EFileValidation" />
  <testcase name="data/e2e-test-f9a9b084/source_file_0137.bin" classname="E2EFileValidation" />
  <testcase name="data/e2e-test-f9a9b084/source_file_0138.bin" classname="E2EFileValidation" />
  <testcase name="data/e2e-test-f9a9b084/source_file_0139.bin" classname="E2EFileValidation" />
  <testcase name="data/e2e-test-f9a9b084/source_file_0140.bin" classname="E2EFileValidation" />
  <testcase name="data/e2e-test-f9a9b084/source_file_0141.bin" classname="E2EFileValidation" />
  <testcase name="data/e2e-test-f9a9b084/source_file_0142.bin" classname="E2EFileValidation" />
  <testcase name="data/e2e-test-f9a9b084/source_file_0143.bin" classname="E2EFileValidation" />
  <testcase name="data/e2e-test-f9a9b084/source_file_0144.bin" classname="E2EFileValidation" />
  <testcase name="data/e2e-test-f9a9b084/source_file_0145.bin" classname="E2EFileValidation" />
  <testcase name="data/e2e-test-f9a9b084/source_file_0146.bin" classname="E2EFileValidation" />
  <testcase name="data/e2e-test-f9a9b084/source_file_0147.bin" classname="E2EFileValidation" />
  <testcase name="data/e2e-test-f9a9b084/source_file_0148.bin" classname="E2EFileValidation" />
  <testcase name="data/e2e-test-f9a9b084/source_file_0149.bin" classname="E2EFileValidation" />
  <testcase name="data/e2e-test-f9a9b084/source_file_0150.bin" classname="E2EFileValidation" />
  <testcase name="data/e2e-test-f9a9b084/source_file_0151.bin" classname="E2EFileValidation" />
  <testcase name="data/e2e-test-f9a9b084/source_file_0152.bin" classname="E2EFileValidation" />
  <testcase name="data/e2e-test-f9a9b084/source_file_0153.bin" classname="E2EFileValidation" />
  <testcase name="data/e2e-test-f9a9b084/source_file_0154.bin" classname="E2EFileValidation" />
  <testcase name="data/e2e-test-f9a9b084/source_file_0155.bin" classname="E2EFileValidation" />
  <testcase name="data/e2e-test-f9a9b084/source_file_0156.bin" classname="E2EFileValidation" />
  <testcase name="data/e2e-test-f9a9b084/source_file_0157.bin" classname="E2EFileValidation" />
  <testcase name="data/e2e-test-f9a9b084/source_file_0158.bin" classname="E2EFileValidation" />
  <testcase name="data/e2e-test-f9a9b084/source_file_0159.bin" classname="E2EFileValidation" />
  <testcase name="data/e2e-test-f9a9b084/source_file_0160.bin" classname="E2EFileValidation" />
  <testcase name="data/e2e-test-f9a9b084/source_file_0161.bin" classname="E2EFileValidation" />
  <testcase name="data/e2e-test-f9a9b084/source_file_0162.bin" classname="E2EFileValidation" />
  <testcase name="data/e2e-test-f9a9b084/source_file_0163.bin" classname="E2EFileValidation" />
  <testcase name="data/e2e-test-f9a9b084/source_file_0164.bin" classname="E2EFileValidation" />
  <testcase name="data/e2e-test-f9a9b084/source_file_0165.bin" classname="E2EFileValidation" />
  <testcase name="data/e2e-test-f9a9b084/source_file_0166.bin" classname="E2EFileValidation" />
  <testcase name="data/e2e-test-f9a9b084/source_file_0167.bin" classname="E2EFileValidation" />
  <testcase name="data/e2e-test-f9a9b084/source_file_0168.bin" classname="E2EFileValidation" />
  <testcase name="data/e2e-test-f9a9b084/source_file_0169.bin" classname="E2EFileValidation" />
  <testcase name="data/e2e-test-f9a9b084/source_file_0170.bin" classname="E2EFileValidation" />
  <testcase name="data/e2e-test-f9a9b084/source_file_0171.bin" classname="E2EFileValidation" />
  <testcase name="data/e2e-test-f9a9b084/source_file_0172.bin" classname="E2EFileValidation" />
  <testcase name="data/e2e-test-f9a9b084/source_file_0173.bin" classname="E2EFileValidation" />
  <testcase name="data/e2e-test-f9a9b084/source_file_0174.bin" classname="E2EFileValidation" />
  <testcase name="data/e2e-test-f9a9b084/source_file_0175.bin" classname="E2EFileValidation" />
  <testcase name="data/e2e-test-f9a9b084/source_file_0176.bin" classname="E2EFileValidation" />
  <testcase name="data/e2e-test-f9a9b084/source_file_0177.bin" classname="E2EFileValidation" />
  <testcase name="data/e2e-test-f9a9b084/source_file_0178.bin" classname="E2EFileValidation" />
  <testcase name="data/e2e-test-f9a9b084/source_file_0179.bin" classname="E2EFileValidation" />
  <testcase name="data/e2e-test-f9a9b084/source_file_0180.bin" classname="E2EFileValidation" />
  <testcase name="data/e2e-test-f9a9b084/source_file_0181.bin" classname="E2EFileValidation" />
  <testcase name="data/e2e-test-f9a9b084/source_file_0182.bin" classname="E2EFileValidation" />
  <testcase name="data/e2e-test-f9a9b084/source_file_0183.bin" classname="E2EFileValidation" />
  <testcase name="data/e2e-test-f9a9b084/source_file_0184.bin" classname="E2EFileValidation" />
  <testcase name="data/e2e-test-f9a9b084/source_file_0185.bin" classname="E2EFileValidation" />
  <testcase name="data/e2e-test-f9a9b084/source_file_0186.bin" classname="E2EFileValidation" />
  <testcase name="data/e2e-test-f9a9b084/source_file_0187.bin" classname="E2EFileValidation" />
  <testcase name="data/e2e-test-f9a9b084/source_file_0188.bin" classname="E2EFileValidation" />
  <testcase name="data/e2e-test-f9a9b084/source_file_0189.bin" classname="E2EFileValidation" />
  <testcase name="data/e2e-test-f9a9b084/source_file_0190.bin" classname="E2EFileValidation" />
  <testcase name="data/e2e-test-f9a9b084/source_file_0191.bin" classname="E2EFileValidation" />
  <testcase name="data/e2e-test-f9a9b084/source_file_0192.bin" classname="E2EFileValidation" />
  <testcase name="data/e2e-test-f9a9b084/source_file_0193.bin" classname="E2EFileValidation" />
  <testcase name="data/e2e-test-f9a9b084/source_file_0194.bin" classname="E2EFileValidation" />
  <testcase name="data/e2e-test-f9a9b084/source_file_0195.bin" classname="E2EFileValidation" />
  <testcase name="data/e2e-test-f9a9b084/source_file_0196.bin" classname="E2EFileValidation" />
  <testcase name="data/e2e-test-f9a9b084/source_file_0197.bin" classname="E2EFileValidation" />
  <testcase name="data/e2e-test-f9a9b084/source_file_0198.bin" classname="E2EFileValidation" />
  <testcase name="data/e2e-test-f9a9b084/source_file_0199.bin" classname="E2EFileValidation" />
  <testcase name="data/e2e-test-f9a9b084/source_file_0200.bin" classname="E2EFileValidation" />
  <testcase name="data/e2e-test-f9a9b084/source_file_0201.bin" classname="E2EFileValidation" />
  <testcase name="data/e2e-test-f9a9b084/source_file_0202.bin" classname="E2EFileValidation" />
  <testcase name="data/e2e-test-f9a9b084/source_file_0203.bin" classname="E2EFileValidation" />
  <testcase name="data/e2e-test-f9a9b084/source_file_0204.bin" classname="E2EFileValidation" />
  <testcase name="data/e2e-test-f9a9b084/source_file_0205.bin" classname="E2EFileValidation" />
  <testcase name="data/e2e-test-f9a9b084/source_file_0206.bin" classname="E2EFileValidation" />
  <testcase name="data/e2e-test-f9a9b084/source_file_0207.bin" classname="E2EFileValidation" />
  <testcase name="data/e2e-test-f9a9b084/source_file_0208.bin" classname="E2EFileValidation" />
  <testcase name="data/e2e-test-f9a9b084/source_file_0209.bin" classname="E2EFileValidation" />
  <testcase name="data/e2e-test-f9a9b084/source_file_0210.bin" classname="E2EFileValidation" />
  <testcase name="data/e2e-test-f9a9b084/source_file_0211.bin" classname="E2EFileValidation" />
  <testcase name="data/e2e-test-f9a9b084/source_file_0212.bin" classname="E2EFileValidation" />
  <testcase name="data/e2e-test-f9a9b084/source_file_0213.bin" classname="E2EFileValidation" />
  <testcase name="data/e2e-test-f9a9b084/source_file_0214.bin" classname="E2EFileValidation" />
  <testcase name="data/e2e-test-f9a9b084/source_file_0215.bin" classname="E2EFileValidation" />
  <testcase name="data/e2e-test-f9a9b084/source_file_0216.bin" classname="E2EFileValidation" />
  <testcase name="data/e2e-test-f9a9b084/source_file_0217.bin" classname="E2EFileValidation" />
  <testcase name="data/e2e-test-f9a9b084/source_file_0218.bin" classname="E2EFileValidation" />
  <testcase name="data/e2e-test-f9a9b084/source_file_0219.bin" classname="E2EFileValidation" />
  <testcase name="data/e2e-test-f9a9b084/source_file_0220.bin" classname="E2EFileValidation" />
  <testcase name="data/e2e-test-f9a9b084/source_file_0221.bin" classname="E2EFileValidation" />
  <testcase name="data/e2e-test-f9a9b084/source_file_0222.bin" classname="E2EFileValidation" />
  <testcase name="data/e2e-test-f9a9b084/source_file_0223.bin" classname="E2EFileValidation" />
  <testcase name="data/e2e-test-f9a9b084/source_file_0224.bin" classname="E2EFileValidation" />
  <testcase name="data/e2e-test-f9a9b084/source_file_0225.bin" classname="E2EFileValidation" />
  <testcase name="data/e2e-test-f9a9b084/source_file_0226.bin" classname="E2EFileValidation" />
  <testcase name="data/e2e-test-f9a9b084/source_file_0227.bin" classname="E2EFileValidation" />
  <testcase name="data/e2e-test-f9a9b084/source_file_0228.bin" classname="E2EFileValidation" />
  <testcase name="data/e2e-test-f9a9b084/source_file_0229.bin" classname="E2EFileValidation" />
  <testcase name="data/e2e-test-f9a9b084/source_file_0230.bin" classname="E2EFileValidation" />
  <testcase name="data/e2e-test-f9a9b084/source_file_0231.bin" classname="E2EFileValidation" />
  <testcase name="data/e2e-test-f9a9b084/source_file_0232.bin" classname="E2EFileValidation" />
  <testcase name="data/e2e-test-f9a9b084/source_file_0233.bin" classname="E2EFileValidation" />
  <testcase name="data/e2e-test-f9a9b084/source_file_0234.bin" classname="E2EFileValidation" />
  <testcase name="data/e2e-test-f9a9b084/source_file_0235.bin" classname="E2EFileValidation" />
  <testcase name="data/e2e-test-f9a9b084/source_file_0236.bin" classname="E2EFileValidation" />
  <testcase name="data/e2e-test-f9a9b084/source_file_0237.bin" classname="E2EFileValidation" />
  <testcase name="data/e2e-test-f9a9b084/source_file_0238.bin" classname="E2EFileValidation" />
  <testcase name="data/e2e-test-f9a9b084/source_file_0239.bin" classname="E2EFileValidation" />
  <testcase name="data/e2e-test-f9a9b084/source_file_0240.bin" classname="E2EFileValidation" />
  <testcase name="data/e2e-test-f9a9b084/source_file_0241.bin" classname="E2EFileValidation" />
  <testcase name="data/e2e-test-f9a9b084/source_file_0242.bin" classname="E2EFileValidation" />
  <testcase name="data/e2e-test-f9a9b084/source_file_0243.bin" classname="E2EFileValidation" />
  <testcase name="data/e2e-test-f9a9b084/source_file_0244.bin" classname="E2EFileValidation" />
  <testcase name="data/e2e-test-f9a9b084/source_file_0245.bin" classname="E2EFileValidation" />
  <testcase name="data/e2e-test-f9a9b084/source_file_0246.bin" classname="E2EFileValidation" />
  <testcase name="data/e2e-test-f9a9b084/source_file_0247.bin" classname="E2EFileValidation" />
  <testcase name="data/e2e-test-f9a9b084/source_file_0248.bin" classname="E2EFileValidation" />
  <testcase name="data/e2e-test-f9a9b084/source_file_0249.bin" classname="E2EFileValidation" />
  <testcase name="data/e2e-test-f9a9b084/source_file_0250.bin" classname="E2EFileValidation" />
  <testcase name="data/e2e-test-f9a9b084/source_file_0251.bin" classname="E2EFileValidation" />
  <testcase name="data/e2e-test-f9a9b084/source_file_0252.bin" classname="E2EFileValidation" />
  <testcase name="data/e2e-test-f9a9b084/source_file_0253.bin" classname="E2EFileValidation" />
  <testcase name="data/e2e-test-f9a9b084/source_file_0254.bin" classname="E2EFileValidation" />
  <testcase name="data/e2e-test-f9a9b084/source_file_0255.bin" classname="E2EFileValidation" />
  <testcase name="data/e2e-test-f9a9b084/source_file_0256.bin" classname="E2EFileValidation" />
  <testcase name="data/e2e-test-f9a9b084/source_file_0257.bin" classname="E2EFileValidation" />
  <testcase name="data/e2e-test-f9a9b084/source_file_0258.bin" classname="E2EFileValidation" />
  <testcase name="data/e2e-test-f9a9b084/source_file_0259.bin" classname="E2EFileValidation" />
  <testcase name="data/e2e-test-f9a9b084/source_file_0260.bin" classname="E2EFileValidation" />
  <testcase name="data/e2e-test-f9a9b084/source_file_0261.bin" classname="E2EFileValidation" />
  <testcase name="data/e2e-test-f9a9b084/source_file_0262.bin" classname="E2EFileValidation" />
  <testcase name="data/e2e-test-f9a9b084/source_file_0263.bin" classname="E2EFileValidation" />
  <testcase name="data/e2e-test-f9a9b084/source_file_0264.bin" classname="E2EFileValidation" />
  <testcase name="data/e2e-test-f9a9b084/source_file_0265.bin" classname="E2EFileValidation" />
  <testcase name="data/e2e-test-f9a9b084/source_file_0266.bin" classname="E2EFileValidation" />
  <testcase name="data/e2e-test-f9a9b084/source_file_0267.bin" classname="E2EFileValidation" />
  <testcase name="data/e2e-test-f9a9b084/source_file_0268.bin" classname="E2EFileValidation" />
  <testcase name="data/e2e-test-f9a9b084/source_file_0269.bin" classname="E2EFileValidation" />
  <testcase name="data/e2e-test-f9a9b084/source_file_0270.bin" classname="E2EFileValidation" />
  <testcase name="data/e2e-test-f9a9b084/source_file_0271.bin" classname="E2EFileValidation" />
  <testcase name="data/e2e-test-f9a9b084/source_file_0272.bin" classname="E2EFileValidation" />
  <testcase name="data/e2e-test-f9a9b084/source_file_0273.bin" classname="E2EFileValidation" />
  <testcase name="data/e2e-test-f9a9b084/source_file_0274.bin" classname="E2EFileValidation" />
  <testcase name="data/e2e-test-f9a9b084/source_file_0275.bin" classname="E2EFileValidation" />
  <testcase name="data/e2e-test-f9a9b084/source_file_0276.bin" classname="E2EFileValidation" />
  <testcase name="data/e2e-test-f9a9b084/source_file_0277.bin" classname="E2EFileValidation" />
  <testcase name="data/e2e-test-f9a9b084/source_file_0278.bin" classname="E2EFileValidation" />
  <testcase name="data/e2e-test-f9a9b084/source_file_0279.bin" classname="E2EFileValidation" />
  <testcase name="data/e2e-test-f9a9b084/source_file_0280.bin" classname="E2EFileValidation" />
  <testcase name="data/e2e-test-f9a9b084/source_file_0281.bin" classname="E2EFileValidation" />
  <testcase name="data/e2e-test-f9a9b084/source_file_0282.bin" classname="E2EFileValidation" />
  <testcase name="data/e2e-test-f9a9b084/source_file_0283.bin" classname="E2EFileValidation" />
  <testcase name="data/e2e-test-f9a9b084/source_file_0284.bin" classname="E2EFileValidation" />
  <testcase name="data/e2e-test-f9a9b084/source_file_0285.bin" classname="E2EFileValidation" />
  <testcase name="data/e2e-test-f9a9b084/source_file_0286.bin" classname="E2EFileValidation" />
  <testcase name="data/e2e-test-f9a9b084/source_file_0287.bin" classname="E2EFileValidation" />
  <testcase name="data/e2e-test-f9a9b084/source_file_0288.bin" classname="E2EFileValidation" />
  <testcase name="data/e2e-test-f9a9b084/source_file_0289.bin" classname="E2EFileValidation" />
  <testcase name="data/e2e-test-f9a9b084/source_file_0290.bin" classname="E2EFileValidation" />
  <testcase name="data/e2e-test-f9a9b084/source_file_0291.bin" classname="E2EFileValidation" />
  <testcase name="data/e2e-test-f9a9b084/source_file_0292.bin" classname="E2EFileValidation" />
  <testcase name="data/e2e-test-f9a9b084/source_file_0293.bin" classname="E2EFileValidation" />
  <testcase name="data/e2e-test-f9a9b084/source_file_0294.bin" classname="E2EFileValidation" />
  <testcase name="data/e2e-test-f9a9b084/source_file_0295.bin" classname="E2EFileValidation" />
  <testcase name="data/e2e-test-f9a9b084/source_file_0296.bin" classname="E2EFileValidation" />
  <testcase name="data/e2e-test-f9a9b084/source_file_0297.bin" classname="E2EFileValidation" />
  <testcase name="data/e2e-test-f9a9b084/source_file_0298.bin" classname="E2EFileValidation" />
  <testcase name="data/e2e-test-f9a9b084/source_file_0299.bin" classname="E2EFileValidation" />
  <testcase name="data/e2e-test-f9a9b084/source_file_0300.bin" classname="E2EFileValidation" />
  <testcase name="data/e2e-test-f9a9b084/source_file_0301.bin" classname="E2EFileValidation" />
  <testcase name="data/e2e-test-f9a9b084/source_file_0302.bin" classname="E2EFileValidation" />
  <testcase name="data/e2e-test-f9a9b084/source_file_0303.bin" classname="E2EFileValidation" />
  <testcase name="data/e2e-test-f9a9b084/source_file_0304.bin" classname="E2EFileValidation" />
  <testcase name="data/e2e-test-f9a9b084/source_file_0305.bin" classname="E2EFileValidation" />
  <testcase name="data/e2e-test-f9a9b084/source_file_0306.bin" classname="E2EFileValidation" />
  <testcase name="data/e2e-test-f9a9b084/source_file_0307.bin" classname="E2EFileValidation" />
  <testcase name="data/e2e-test-f9a9b084/source_file_0308.bin" classname="E2EFileValidation" />
  <testcase name="data/e2e-test-f9a9b084/source_file_0309.bin" classname="E2EFileValidation" />
  <testcase name="data/e2e-test-f9a9b084/source_file_0310.bin" classname="E2EFileValidation" />
  <testcase name="data/e2e-test-f9a9b084/source_file_0311.bin" classname="E2EFileValidation" />
  <testcase name="data/e2e-test-f9a9b084/source_file_0312.bin" classname="E2EFileValidation" />
  <testcase name="data/e2e-test-f9a9b084/source_file_0313.bin" classname="E2EFileValidation" />
  <testcase name="data/e2e-test-f9a9b084/source_file_0314.bin" classname="E2EFileValidation" />
  <testcase name="data/e2e-test-f9a9b084/source_file_0315.bin" classname="E2EFileValidation" />
  <testcase name="data/e2e-test-f9a9b084/source_file_0316.bin" classname="E2EFileValidation" />
  <testcase name="data/e2e-test-f9a9b084/source_file_0317.bin" classname="E2EFileValidation" />
  <testcase name="data/e2e-test-f9a9b084/source_file_0318.bin" classname="E2EFileValidation" />
  <testcase name="data/e2e-test-f9a9b084/source_file_0319.bin" classname="E2EFileValidation" />
  <testcase name="data/e2e-test-f9a9b084/source_file_0320.bin" classname="E2EFileValidation" />
  <testcase name="data/e2e-test-f9a9b084/source_file_0321.bin" classname="E2EFileValidation" />
  <testcase name="data/e2e-test-f9a9b084/source_file_0322.bin" classname="E2EFileValidation" />
  <testcase name="data/e2e-test-f9a9b084/source_file_0323.bin" classname="E2EFileValidation" />
  <testcase name="data/e2e-test-f9a9b084/source_file_0324.bin" classname="E2EFileValidation" />
  <testcase name="data/e2e-test-f9a9b084/source_file_0325.bin" classname="E2EFileValidation" />
  <testcase name="data/e2e-test-f9a9b084/source_file_0326.bin" classname="E2EFileValidation" />
  <testcase name="data/e2e-test-f9a9b084/source_file_0327.bin" classname="E2EFileValidation" />
  <testcase name="data/e2e-test-f9a9b084/source_file_0328.bin" classname="E2EFileValidation" />
  <testcase name="data/e2e-test-f9a9b084/source_file_0329.bin" classname="E2EFileValidation" />
  <testcase name="data/e2e-test-f9a9b084/source_file_0330.bin" classname="E2EFileValidation" />
  <testcase name="data/e2e-test-f9a9b084/source_file_0331.bin" classname="E2EFileValidation" />
  <testcase name="data/e2e-test-f9a9b084/source_file_0332.bin" classname="E2EFileValidation" />
  <testcase name="data/e2e-test-f9a9b084/source_file_0333.bin" classname="E2EFileValidation" />
  <testcase name="data/e2e-test-f9a9b084/source_file_0334.bin" classname="E2EFileValidation" />
  <testcase name="data/e2e-test-f9a9b084/source_file_0335.bin" classname="E2EFileValidation" />
  <testcase name="data/e2e-test-f9a9b084/source_file_0336.bin" classname="E2EFileValidation" />
  <testcase name="data/e2e-test-f9a9b084/source_file_0337.bin" classname="E2EFileValidation" />
  <testcase name="data/e2e-test-f9a9b084/source_file_0338.bin" classname="E2EFileValidation" />
  <testcase name="data/e2e-test-f9a9b084/source_file_0339.bin" classname="E2EFileValidation" />
  <testcase name="data/e2e-test-f9a9b084/source_file_0340.bin" classname="E2EFileValidation" />
  <testcase name="data/e2e-test-f9a9b084/source_file_0341.bin" classname="E2EFileValidation" />
  <testcase name="data/e2e-test-f9a9b084/source_file_0342.bin" classname="E2EFileValidation" />
  <testcase name="data/e2e-test-f9a9b084/source_file_0343.bin" classname="E2EFileValidation" />
  <testcase name="data/e2e-test-f9a9b084/source_file_0344.bin" classname="E2EFileValidation" />
  <testcase name="data/e2e-test-f9a9b084/source_file_0345.bin" classname="E2EFileValidation" />
  <testcase name="data/e2e-test-f9a9b084/source_file_0346.bin" classname="E2EFileValidation" />
  <testcase name="data/e2e-test-f9a9b084/source_file_0347.bin" classname="E2EFileValidation" />
  <testcase name="data/e2e-test-f9a9b084/source_file_0348.bin" classname="E2EFileValidation" />
  <testcase name="data/e2e-test-f9a9b084/source_file_0349.bin" classname="E2EFileValidation" />
  <testcase name="data/e2e-test-f9a9b084/source_file_0350.bin" classname="E2EFileValidation" />
  <testcase name="data/e2e-test-f9a9b084/source_file_0351.bin" classname="E2EFileValidation" />
  <testcase name="data/e2e-test-f9a9b084/source_file_0352.bin" classname="E2EFileValidation" />
  <testcase name="data/e2e-test-f9a9b084/source_file_0353.bin" classname="E2EFileValidation" />
  <testcase name="data/e2e-test-f9a9b084/source_file_0354.bin" classname="E2EFileValidation" />
  <testcase name="data/e2e-test-f9a9b084/source_file_0355.bin" classname="E2EFileValidation" />
  <testcase name="data/e2e-test-f9a9b084/source_file_0356.bin" classname="E2EFileValidation" />
  <testcase name="data/e2e-test-f9a9b084/source_file_0357.bin" classname="E2EFileValidation" />
  <testcase name="data/e2e-test-f9a9b084/source_file_0358.bin" classname="E2EFileValidation" />
  <testcase name="data/e2e-test-f9a9b084/source_file_0359.bin" classname="E2EFileValidation" />
  <testcase name="data/e2e-test-f9a9b084/source_file_0360.bin" classname="E2EFileValidation" />
  <testcase name="data/e2e-test-f9a9b084/source_file_0361.bin" classname="E2EFileValidation" />
  <testcase name="data/e2e-test-f9a9b084/source_file_0362.bin" classname="E2EFileValidation" />
  <testcase name="data/e2e-test-f9a9b084/source_file_0363.bin" classname="E2EFileValidation" />
  <testcase name="data/e2e-test-f9a9b084/source_file_0364.bin" classname="E2EFileValidation" />
  <testcase name="data/e2e-test-f9a9b084/source_file_0365.bin" classname="E2EFileValidation" />
  <testcase name="data/e2e-test-f9a9b084/source_file_0366.bin" classname="E2EFileValidation" />
  <testcase name="data/e2e-test-f9a9b084/source_file_0367.bin" classname="E2EFileValidation" />
  <testcase name="data/e2e-test-f9a9b084/source_file_0368.bin" classname="E2EFileValidation" />
  <testcase name="data/e2e-test-f9a9b084/source_file_0369.bin" classname="E2EFileValidation" />
  <testcase name="data/e2e-test-f9a9b084/source_file_0370.bin" classname="E2EFileValidation" />
  <testcase name="data/e2e-test-f9a9b084/source_file_0371.bin" classname="E2EFileValidation" />
  <testcase name="data/e2e-test-f9a9b084/source_file_0372.bin" classname="E2EFileValidation" />
  <testcase name="data/e2e-test-f9a9b084/source_file_0373.bin" classname="E2EFileValidation" />
  <testcase name="data/e2e-test-f9a9b084/source_file_0374.bin" classname="E2EFileValidation" />
  <testcase name="data/e2e-test-f9a9b084/source_file_0375.bin" classname="E2EFileValidation" />
  <testcase name="data/e2e-test-f9a9b084/source_file_0376.bin" classname="E2EFileValidation" />
  <testcase name="data/e2e-test-f9a9b084/source_file_0377.bin" classname="E2EFileValidation" />
  <testcase name="data/e2e-test-f9a9b084/source_file_0378.bin" classname="E2EFileValidation" />
  <testcase name="data/e2e-test-f9a9b084/source_file_0379.bin" classname="E2EFileValidation" />
  <testcase name="data/e2e-test-f9a9b084/source_file_0380.bin" classname="E2EFileValidation" />
  <testcase name="data/e2e-test-f9a9b084/source_file_0381.bin" classname="E2EFileValidation" />
  <testcase name="data/e2e-test-f9a9b084/source_file_0382.bin" classname="E2EFileValidation" />
  <testcase name="data/e2e-test-f9a9b084/source_file_0383.bin" classname="E2EFileValidation" />
  <testcase name="data/e2e-test-f9a9b084/source_file_0384.bin" classname="E2EFileValidation" />
  <testcase name="data/e2e-test-f9a9b084/source_file_0385.bin" classname="E2EFileValidation" />
  <testcase name="data/e2e-test-f9a9b084/source_file_0386.bin" classname="E2EFileValidation" />
  <testcase name="data/e2e-test-f9a9b084/source_file_0387.bin" classname="E2EFileValidation" />
  <testcase name="data/e2e-test-f9a9b084/source_file_0388.bin" classname="E2EFileValidation" />
  <testcase name="data/e2e-test-f9a9b084/source_file_0389.bin" classname="E2EFileValidation" />
  <testcase name="data/e2e-test-f9a9b084/source_file_0390.bin" classname="E2EFileValidation" />
  <testcase name="data/e2e-test-f9a9b084/source_file_0391.bin" classname="E2EFileValidation" />
  <testcase name="data/e2e-test-f9a9b084/source_file_0392.bin" classname="E2EFileValidation" />
  <testcase name="data/e2e-test-f9a9b084/source_file_0393.bin" classname="E2EFileValidation" />
  <testcase name="data/e2e-test-f9a9b084/source_file_0394.bin" classname="E2EFileValidation" />
  <testcase name="data/e2e-test-f9a9b084/source_file_0395.bin" classname="E2EFileValidation" />
  <testcase name="data/e2e-test-f9a9b084/source_file_0396.bin" classname="E2EFileValidation" />
  <testcase name="data/e2e-test-f9a9b084/source_file_0397.bin" classname="E2EFileValidation" />
  <testcase name="data/e2e-test-f9a9b084/source_file_0398.bin" classname="E2EFileValidation" />
  <testcase name="data/e2e-test-f9a9b084/source_file_0399.bin" classname="E2EFileValidation" />
  <testcase name="data/e2e-test-f9a9b084/source_file_0400.bin" classname="E2EFileValidation" />
</testsuite>